CBMC version 5.4 64-bit x86_64 linux
Parsing main.c
Converting
Type-checking main
Generating GOTO Program
Adding CPROVER library (x86_64)
Function Pointer Removal
Partial Inlining
Generic Property Instrumentation
Starting Bounded Model Checking
Unwinding loop rcu_init_one.0 iteration 1 (2 max) file tree.c line 4587 function rcu_init_one thread 0
Unwinding loop rcu_init_levelspread.1 iteration 1 (2 max) file tree.c line 4552 function rcu_init_levelspread thread 0
Unwinding loop rcu_init_one.3 iteration 1 (2 max) file tree.c line 4602 function rcu_init_one thread 0
Not unwinding loop rcu_init_one.3 iteration 2 (2 max) file tree.c line 4602 function rcu_init_one thread 0
Unwinding loop rcu_init_one.4 iteration 1 (2 max) file tree.c line 4599 function rcu_init_one thread 0
Not unwinding loop rcu_init_one.5 iteration 1 (1 max) file tree.c line 4653 function rcu_init_one thread 0
Unwinding loop rcu_init_one.6 iteration 1 (4 max) file tree.c line 4652 function rcu_init_one thread 0
Not unwinding loop rcu_init_one.5 iteration 1 (1 max) file tree.c line 4653 function rcu_init_one thread 0
Unwinding loop rcu_init_one.6 iteration 2 (4 max) file tree.c line 4652 function rcu_init_one thread 0
Not unwinding loop rcu_init_one.5 iteration 1 (1 max) file tree.c line 4653 function rcu_init_one thread 0
Unwinding loop rcu_init_one.6 iteration 3 (4 max) file tree.c line 4652 function rcu_init_one thread 0
Unwinding loop rcu_init.3 iteration 1 (4 max) file tree.c line 4810 function rcu_init thread 0
Unwinding loop rcu_init.3 iteration 2 (4 max) file tree.c line 4810 function rcu_init thread 0
Unwinding loop rcu_init.3 iteration 3 (4 max) file tree.c line 4810 function rcu_init thread 0
Not unwinding loop rcu_init_new_rnp.0 iteration 1 (1 max) file tree.c line 4256 function rcu_init_new_rnp thread 0
Unwinding loop rcu_spawn_gp_kthread.0 iteration 1 (4 max) file tree.c line 4503 function rcu_spawn_gp_kthread thread 0
Unwinding loop rcu_spawn_gp_kthread.0 iteration 2 (4 max) file tree.c line 4503 function rcu_spawn_gp_kthread thread 0
Unwinding loop rcu_spawn_gp_kthread.0 iteration 3 (4 max) file tree.c line 4503 function rcu_spawn_gp_kthread thread 0
Not unwinding loop rcu_report_qs_rnp.2 iteration 1 (1 max) file tree.c line 2522 function rcu_report_qs_rnp thread 1
Not unwinding loop rcu_report_qs_rnp.2 iteration 1 (1 max) file tree.c line 2522 function rcu_report_qs_rnp thread 2
Not unwinding loop rcu_report_qs_rnp.2 iteration 1 (1 max) file tree.c line 2522 function rcu_report_qs_rnp thread 3
Adding PSO constraints
size of program expression: 15647504 steps
no slicing due to threads
Generated 1 VCC(s), 1 remaining after simplification
Passing problem to propositional reduction
converting SSA
Running propositional reduction
Post-processing
Solving with MiniSAT 2.2.1 with simplifier
89398551 variables, 451611664 clauses
SAT checker ran out of memory
Runtime decision procedure: 303684s
decision procedure failed
